<?xml version="1.0" encoding="UTF-8"?>
<!-- Generated by org.testng.reporters.JUnitReportReporter -->
<testsuite hostname="Madhavi" failures="0" tests="1" name="dropdownselect.SelectDropdownOptions" time="7.685" errors="0" timestamp="2025-05-22T18:02:21 IST" skipped="0">
  <testcase classname="dropdownselect.SelectDropdownOptions" name="selectdropdownvalues" time="7.685"/>
</testsuite> <!-- dropdownselect.SelectDropdownOptions -->
