<?xml version="1.0" encoding="UTF-8"?>
<!-- Generated by org.testng.reporters.JUnitReportReporter -->
<testsuite hostname="Madhavi" failures="0" tests="1" name="testngframework.A_TextNG_Annotations_Execution_Order" time="0.010" errors="0" timestamp="2025-05-20T14:43:53 IST" skipped="0">
  <testcase classname="testngframework.A_TextNG_Annotations_Execution_Order" name="f" time="0.010"/>
</testsuite> <!-- testngframework.A_TextNG_Annotations_Execution_Order -->
