<?xml version="1.0" encoding="UTF-8"?>
<!-- Generated by org.testng.reporters.JUnitReportReporter -->
<testsuite hostname="Madhavi" failures="0" tests="1" name="google.GoogleSearch" time="1.284" errors="0" timestamp="2025-05-21T21:28:20 IST" skipped="0">
  <testcase classname="google.GoogleSearch" name="google" time="1.284"/>
</testsuite> <!-- google.GoogleSearch -->
