<?xml version="1.0" encoding="UTF-8"?>
<!-- Generated by org.testng.reporters.JUnitReportReporter -->
<testsuite hostname="Madhavi" failures="0" tests="1" name="newtabfunctionality.NewTabs" time="57.711" errors="0" timestamp="2025-05-23T16:08:58 IST" skipped="0">
  <testcase classname="newtabfunctionality.NewTabs" name="frames" time="57.711"/>
</testsuite> <!-- newtabfunctionality.NewTabs -->
