<?xml version="1.0" encoding="UTF-8"?>
<!-- Generated by org.testng.reporters.JUnitReportReporter -->
<testsuite hostname="Madhavi" failures="0" tests="2" name="testngframework.I_TestCase_Run_Group" time="7.186" errors="0" timestamp="2025-05-21T22:14:59 IST" skipped="0">
  <testcase classname="testngframework.I_TestCase_Run_Group" name="facebook" time="0.520"/>
  <testcase classname="testngframework.I_TestCase_Run_Group" name="twitter" time="6.666"/>
</testsuite> <!-- testngframework.I_TestCase_Run_Group -->
