<?xml version="1.0" encoding="UTF-8"?>
<!-- Generated by org.testng.reporters.JUnitReportReporter -->
<testsuite hostname="Madhavi" failures="0" tests="1" name="iframeshandle.Iframes" time="51.592" errors="0" timestamp="2025-05-23T14:50:03 IST" skipped="0">
  <testcase classname="iframeshandle.Iframes" name="frames" time="51.592"/>
</testsuite> <!-- iframeshandle.Iframes -->
