<?xml version="1.0" encoding="UTF-8"?>
<!-- Generated by org.testng.reporters.JUnitReportReporter -->
<testsuite hostname="Madhavi" failures="0" tests="1" name="fileupload.UploadFile" time="51.555" errors="0" timestamp="2025-05-25T14:24:41 IST" skipped="0">
  <testcase classname="fileupload.UploadFile" name="fileAttachment" time="51.555"/>
</testsuite> <!-- fileupload.UploadFile -->
