<?xml version="1.0" encoding="UTF-8"?>
<!-- Generated by org.testng.reporters.JUnitReportReporter -->
<testsuite hostname="Madhavi" failures="0" tests="2" name="testngframework.H_TestCase_Execution_From_XML" time="2.596" errors="0" timestamp="2025-05-21T19:07:38 IST" skipped="0">
  <testcase classname="testngframework.H_TestCase_Execution_From_XML" name="selenium" time="1.682"/>
  <testcase classname="testngframework.H_TestCase_Execution_From_XML" name="facebook" time="0.914"/>
</testsuite> <!-- testngframework.H_TestCase_Execution_From_XML -->
