<?xml version="1.0" encoding="UTF-8"?>
<!-- Generated by org.testng.reporters.JUnitReportReporter -->
<testsuite hostname="Madhavi" failures="0" tests="1" name="google.SeleniumLearn" time="9.469" errors="0" timestamp="2025-05-21T21:28:20 IST" skipped="0">
  <testcase classname="google.SeleniumLearn" name="selenium" time="9.469"/>
</testsuite> <!-- google.SeleniumLearn -->
