<?xml version="1.0" encoding="UTF-8"?>
<!-- Generated by org.testng.reporters.JUnitReportReporter -->
<testsuite hostname="Madhavi" failures="0" tests="1" name="pagescrolldownup.ScrollDownUp" time="4.849" errors="0" timestamp="2025-05-25T13:28:05 IST" skipped="0">
  <testcase classname="pagescrolldownup.ScrollDownUp" name="IdentifyLocatorElementmethod" time="4.849"/>
</testsuite> <!-- pagescrolldownup.ScrollDownUp -->
