<?xml version="1.0" encoding="UTF-8"?>
<!-- Generated by org.testng.reporters.JUnitReportReporter -->
<testsuite hostname="Madhavi" failures="0" tests="7" name="testngframework.D_TestCase_Skip_Ignore_Disabled" time="19.060" errors="0" timestamp="2025-05-20T15:31:34 IST" skipped="1">
  <testcase classname="testngframework.D_TestCase_Skip_Ignore_Disabled" name="techlearn" time="9.565"/>
  <testcase classname="testngframework.D_TestCase_Skip_Ignore_Disabled" name="selenium" time="0.758"/>
  <testcase classname="testngframework.D_TestCase_Skip_Ignore_Disabled" name="twitter" time="2.653"/>
  <testcase classname="testngframework.D_TestCase_Skip_Ignore_Disabled" name="google" time="1.265"/>
  <testcase classname="testngframework.D_TestCase_Skip_Ignore_Disabled" name="facebook" time="1.005"/>
  <testcase classname="testngframework.D_TestCase_Skip_Ignore_Disabled" name="redmine" time="3.814"/>
  <testcase classname="testngframework.D_TestCase_Skip_Ignore_Disabled" name="zomato">
    <skipped/>
  </testcase> <!-- zomato -->
</testsuite> <!-- testngframework.D_TestCase_Skip_Ignore_Disabled -->
