<?xml version="1.0" encoding="UTF-8"?>
<!-- Generated by org.testng.reporters.JUnitReportReporter -->
<testsuite hostname="Madhavi" failures="0" tests="2" name="isdisplayedisenabledisselected.VerificationMethods" time="14.462" errors="0" timestamp="2025-05-25T10:12:14 IST" skipped="0">
  <testcase classname="isdisplayedisenabledisselected.VerificationMethods" name="verifyisDisplayedMethod" time="10.443"/>
  <testcase classname="isdisplayedisenabledisselected.VerificationMethods" name="verifyisEnabledMethod" time="4.019"/>
</testsuite> <!-- isdisplayedisenabledisselected.VerificationMethods -->
