<?xml version="1.0" encoding="UTF-8"?>
<!-- Generated by org.testng.reporters.JUnitReportReporter -->
<testsuite hostname="Madhavi" failures="0" tests="7" name="testngframework.C_TestCase_Execution_Priority_Order" time="23.550" errors="0" timestamp="2025-05-20T15:14:17 IST" skipped="0">
  <testcase classname="testngframework.C_TestCase_Execution_Priority_Order" name="techlearn" time="9.483"/>
  <testcase classname="testngframework.C_TestCase_Execution_Priority_Order" name="redmine" time="2.659"/>
  <testcase classname="testngframework.C_TestCase_Execution_Priority_Order" name="twitter" time="6.191"/>
  <testcase classname="testngframework.C_TestCase_Execution_Priority_Order" name="google" time="1.652"/>
  <testcase classname="testngframework.C_TestCase_Execution_Priority_Order" name="selenium" time="0.909"/>
  <testcase classname="testngframework.C_TestCase_Execution_Priority_Order" name="zomato" time="1.768"/>
  <testcase classname="testngframework.C_TestCase_Execution_Priority_Order" name="facebook" time="0.888"/>
</testsuite> <!-- testngframework.C_TestCase_Execution_Priority_Order -->
