<?xml version="1.0" encoding="UTF-8"?>
<!-- Generated by org.testng.reporters.JUnitReportReporter -->
<testsuite hostname="Madhavi" failures="0" tests="3" name="tabtitleapplicationurlapplicationtext.TabTileApplicationUrlApplicationText" time="4.025" errors="0" timestamp="2025-05-24T12:03:10 IST" skipped="0">
  <testcase classname="tabtitleapplicationurlapplicationtext.TabTileApplicationUrlApplicationText" name="verifyapplicationurl" time="0.952"/>
  <testcase classname="tabtitleapplicationurlapplicationtext.TabTileApplicationUrlApplicationText" name="verifytabtitle" time="0.960"/>
  <testcase classname="tabtitleapplicationurlapplicationtext.TabTileApplicationUrlApplicationText" name="verifyapplicationtext" time="2.113"/>
</testsuite> <!-- tabtitleapplicationurlapplicationtext.TabTileApplicationUrlApplicationText -->
