<?xml version="1.0" encoding="UTF-8"?>
<!-- Generated by org.testng.reporters.JUnitReportReporter -->
<testsuite hostname="Madhavi" failures="0" tests="2" name="testngframework.G_TestCase_DependsOnMethods" time="5.821" errors="0" timestamp="2025-05-21T18:53:10 IST" skipped="0">
  <testcase classname="testngframework.G_TestCase_DependsOnMethods" name="method2" time="4.137"/>
  <testcase classname="testngframework.G_TestCase_DependsOnMethods" name="method1" time="1.684"/>
</testsuite> <!-- testngframework.G_TestCase_DependsOnMethods -->
