<?xml version="1.0" encoding="UTF-8"?>
<!-- Generated by org.testng.reporters.JUnitReportReporter -->
<testsuite hostname="Madhavi" failures="0" tests="1" name="log4jframework.TechlearnLogin" time="10.084" errors="0" timestamp="2025-05-26T23:26:28 IST" skipped="0">
  <testcase classname="log4jframework.TechlearnLogin" name="login" time="10.084"/>
</testsuite> <!-- log4jframework.TechlearnLogin -->
