<?xml version="1.0" encoding="UTF-8"?>
<!-- Generated by org.testng.reporters.JUnitReportReporter -->
<testsuite hostname="Madhavi" failures="0" tests="7" name="testngframework.B_TestCase_Execution_Alphabetical_Order" time="18.877" errors="0" timestamp="2025-05-21T18:51:58 IST" skipped="0">
  <testcase classname="testngframework.B_TestCase_Execution_Alphabetical_Order" name="facebook" time="1.021"/>
  <testcase classname="testngframework.B_TestCase_Execution_Alphabetical_Order" name="redmine" time="4.054"/>
  <testcase classname="testngframework.B_TestCase_Execution_Alphabetical_Order" name="techlearn" time="5.901"/>
  <testcase classname="testngframework.B_TestCase_Execution_Alphabetical_Order" name="selenium" time="0.667"/>
  <testcase classname="testngframework.B_TestCase_Execution_Alphabetical_Order" name="twitter" time="4.469"/>
  <testcase classname="testngframework.B_TestCase_Execution_Alphabetical_Order" name="zomato" time="1.697"/>
  <testcase classname="testngframework.B_TestCase_Execution_Alphabetical_Order" name="google" time="1.068"/>
</testsuite> <!-- testngframework.B_TestCase_Execution_Alphabetical_Order -->
