<?xml version="1.0" encoding="UTF-8"?>
<!-- Generated by org.testng.reporters.JUnitReportReporter -->
<testsuite hostname="Madhavi" failures="0" tests="1" name="actionsclass.RCDCDDMOKF" time="6.966" errors="0" timestamp="2025-05-23T18:13:06 IST" skipped="0">
  <testcase classname="actionsclass.RCDCDDMOKF" name="keyboardfunctions" time="6.966"/>
</testsuite> <!-- actionsclass.RCDCDDMOKF -->
