<?xml version="1.0" encoding="UTF-8"?>
<!-- Generated by org.testng.reporters.JUnitReportReporter -->
<testsuite hostname="Madhavi" failures="0" tests="1" name="alertwindowhandles.Alerts" time="8.323" errors="0" timestamp="2025-05-22T13:49:30 IST" skipped="0">
  <testcase classname="alertwindowhandles.Alerts" name="sendtextinalert" time="8.323"/>
</testsuite> <!-- alertwindowhandles.Alerts -->
